[debug] [2023-10-12T15:38:56.693Z] ----------------------------------------------------------------------
[debug] [2023-10-12T15:38:56.697Z] Command:       C:\Program Files\nodejs\node.exe C:\Users\samee\AppData\Roaming\npm\node_modules\firebase-tools\lib\bin\firebase.js init
[debug] [2023-10-12T15:38:56.697Z] CLI Version:   12.6.2
[debug] [2023-10-12T15:38:56.698Z] Platform:      win32
[debug] [2023-10-12T15:38:56.699Z] Node Version:  v18.16.0
[debug] [2023-10-12T15:38:56.700Z] Time:          Thu Oct 12 2023 21:08:56 GMT+0530 (India Standard Time)
[debug] [2023-10-12T15:38:56.700Z] ----------------------------------------------------------------------
[debug] 
[debug] [2023-10-12T15:38:56.722Z] > command requires scopes: ["email","openid","https://www.googleapis.com/auth/cloudplatformprojects.readonly","https://www.googleapis.com/auth/firebase","https://www.googleapis.com/auth/cloud-platform"]
[debug] [2023-10-12T15:38:56.723Z] > authorizing via signed-in user (sameerpashasyed3@gmail.com)
[info] 
     ######## #### ########  ######## ########     ###     ######  ########
     ##        ##  ##     ## ##       ##     ##  ##   ##  ##       ##
     ######    ##  ########  ######   ########  #########  ######  ######
     ##        ##  ##    ##  ##       ##     ## ##     ##       ## ##
     ##       #### ##     ## ######## ########  ##     ##  ######  ########

You're about to initialize a Firebase project in this directory:

  C:\Users\samee\OneDrive\Desktop\Mega-Project\my-app

[info] 
=== Project Setup
[info] 
[info] First, let's associate this project directory with a Firebase project.
[info] You can create multiple project aliases by running firebase use --add, 
[info] but for now we'll just set up a default project.
[info] 
